<?xml version="1.0" encoding="UTF-8"?>
<!-- Generated by org.testng.reporters.JUnitXMLReporter -->
<testsuite hostname="DESKTOP-LTDEOOK" ignored="0" name="Test" tests="1" failures="1" timestamp="2019-10-21T14:31:26 IST" time="9.751" errors="0">
  <testcase name="feature" time="8.722" classname="cucumber.api.testng.AbstractTestNGCucumberTests">
    <failure type="cucumber.runtime.CucumberException" message="java.lang.AssertionError: null">
      <![CDATA[cucumber.runtime.CucumberException: java.lang.AssertionError: null
at cucumber.api.testng.TestNGCucumberRunner.runCucumber(TestNGCucumberRunner.java:69)
at cucumber.api.testng.AbstractTestNGCucumberTests.feature(AbstractTestNGCucumberTests.java:21)
at java.util.ArrayList.forEach(ArrayList.java:1257)
Caused by: java.lang.AssertionError: null
at steps.BankerTransactions.the_message_on_the_screen_should_be(BankerTransactions.java:84)
at âœ½.Then the message on the screen should be "Deposit Successful"(BankerTransactions.feature:24)
... Removed 29 stack frames]]>
    </failure>
  </testcase> <!-- feature -->
</testsuite> <!-- Test -->
